Inicio de sesión / Angeles / 2022-04-22T22:02:44.485100800
Inicio de sesión / Angeles / 2022-04-22T22:42:20.462119600
Cierre de sesión / Angeles / 2022-04-22T22:42:29.059623300
Inicio de sesión / Angeles / 2022-04-22T22:42:32.317006700
Inicio de sesión / Angeles / 2022-04-22T22:44:28.817463700
Cierre de sesión / Angeles / 2022-04-22T22:44:30.240017200
Inicio de sesión / Angeles / 2022-04-22T22:44:48.559784900
Inicio de sesión / Angeles / 2022-04-22T22:45:41.237079800
Inicio de sesión / Angeles / 2022-04-22T22:46:16.799041
Cierre de sesión / Angeles / 2022-04-22T22:46:23.880584900
Inicio de sesión / Angeles / 2022-04-22T22:46:30.895142500
Cierre de sesión / Angeles / 2022-04-22T22:46:33.255208500
Inicio de sesión / Angeles / 2022-04-22T22:46:41.475789200
Cierre de sesión / Angeles / 2022-04-22T22:46:45.116950900
Inicio de sesión / Angeles / 2022-04-22T22:47:23.752029100
Cierre de sesión / Angeles / 2022-04-22T22:47:26.089174200
Inicio de sesión / Angeles / 2022-04-22T22:47:49.207842600
Cierre de sesión / Angeles / 2022-04-22T22:47:50.978891
Inicio de sesión / Angeles / 2022-04-22T22:48:10.975780100
Cierre de sesión / Angeles / 2022-04-22T22:48:13.874360500
Inicio de sesión / Angeles / 2022-04-22T22:48:17.262756100
Cierre de sesión / Angeles / 2022-04-22T22:48:19.284276
Inicio de sesión / Angeles / 2022-04-22T22:48:55.492398700
Cierre de sesión / Angeles / 2022-04-22T22:48:57.509771100
Inicio de sesión / Angeles / 2022-04-22T22:49:46.222330800
Cierre de sesión / Angeles / 2022-04-22T22:49:47.952412100
Inicio de sesión / Angeles / 2022-04-22T22:50:15.694448100
Cierre de sesión / Angeles / 2022-04-22T22:50:18.142907200
Inicio de sesión / Angeles / 2022-04-22T22:51:55.450783100
Cierre de sesión / Angeles / 2022-04-22T22:51:58.627320300
Inicio de sesión / Angeles / 2022-04-22T22:52:59.674008100
Inicio de sesión / Angeles / 2022-04-22T22:55:08.341475200
Cierre de sesión / Angeles / 2022-04-22T22:55:11.804851400
Inicio de sesión / Angeles / 2022-04-22T22:55:28.419067200
Cierre de sesión / Angeles / 2022-04-22T22:55:30.553512
Inicio de sesión / Angeles / 2022-04-22T22:59:13.592608800
Cierre de sesión / Angeles / 2022-04-22T22:59:17.822833500
Inicio de sesión / Angeles / 2022-04-22T22:59:22.663296100
Cierre de sesión / Angeles / 2022-04-22T22:59:25.921926500
Inicio de sesión / Angeles / 2022-04-22T23:02:49.484054900
Cierre de sesión / Angeles / 2022-04-22T23:03:05.668386600
Inicio de sesión / Angeles / 2022-04-22T23:07:28.477696400
Cierre de sesión / Angeles / 2022-04-22T23:07:37.573357900
Inicio de sesión / Angeles / 2022-04-23T09:17:10.630508400
Cierre de sesión / Angeles / 2022-04-23T09:17:13.153289600
Inicio de sesión / Angeles / 2022-04-23T09:17:31.238032200
Cierre de sesión / Angeles / 2022-04-23T09:17:33.692574800
Inicio de sesión / Angeles / 2022-04-23T09:17:58.787348
Cierre de sesión / Angeles / 2022-04-23T09:18:01.740943600
Inicio de sesión / Angeles / 2022-04-23T09:18:07.411334600
Cierre de sesión / Angeles / 2022-04-23T09:18:09.961763
Inicio de sesión / Angeles / 2022-04-23T09:21:33.598098700
Cierre de sesión / Angeles / 2022-04-23T09:21:35.937868800
Inicio de sesión / Angeles / 2022-04-23T09:21:52.181081600
Cierre de sesión / Angeles / 2022-04-23T09:21:54.719617500
Inicio de sesión / laura / 2022-04-23T09:23:53.436041300
Cierre de sesión / laura / 2022-04-23T09:23:55.474399400
Inicio de sesión / Laura / 2022-04-23T09:37:36.691886100
Inicio de sesión / Laura / 2022-04-23T09:41:02.591899100
Inicio de sesión / Laura / 2022-04-23T09:41:34.738758100
Cierre de sesión / Laura / 2022-04-23T09:41:53.668791500
Inicio de sesión / Laura / 2022-04-23T09:44:44.955010300
Inicio de sesión / Laura / 2022-04-23T09:46:45.098754400
Inicio de sesión / Laura / 2022-04-23T09:53:21.918501500
Cierre de sesión / Laura / 2022-04-23T09:53:50.049022200
Inicio de sesión / Laura / 2022-04-23T09:54:02.297537100
Cierre de sesión / Laura / 2022-04-23T09:55:19.933436900
Inicio de sesión / Laura / 2022-04-23T10:12:34.864041900
Inicio de sesión / Laura / 2022-04-23T10:13:03.627084200
Cierre de sesión / Laura / 2022-04-23T10:13:13.275582200
Inicio de sesión / Angeles / 2022-04-23T10:13:17.062902900
Nueva incidencia / Angeles / 2022-04-23T10:13:22.149292900
Cierre de sesión / Angeles / 2022-04-23T10:13:23.791971200
Inicio de sesión / Laura / 2022-04-23T10:13:28.060687
Cierre de sesión / Laura / 2022-04-23T10:16:19.879069800
Inicio de sesión / Laura / 2022-04-23T10:26:25.711546200
Inicio de sesión / Laura / 2022-04-23T10:28:35.942202500
Cierre de sesión / Laura / 2022-04-23T10:28:40.507810700
Inicio de sesión / Laura / 2022-04-23T10:30:24.448782500
Inicio de sesión / laura / 2022-04-23T10:54:54.712144600
Inicio de sesión / Angeles / 2022-04-23T13:19:13.322560
Inicio de sesión / Angeles / 2022-04-23T13:21:30.659492700
Nueva incidencia / Angeles / 2022-04-23T13:21:43.392128800
Inicio de sesión / Angeles / 2022-04-23T13:23:51.912134
Nueva incidencia / Angeles / 2022-04-23T13:24:49.685816800
Cierre de sesión / Angeles / 2022-04-23T13:25:10.065751200
Inicio de sesión / Angeles / 2022-04-24T20:33:05.020400200
Cierre de sesión / Angeles / 2022-04-24T20:33:06.506480300
Inicio de sesión / Angeles / 2022-04-24T20:38:59.352239300
Cierre de sesión / Angeles / 2022-04-24T20:39:01.691701300
Inicio de sesión / Angeles / 2022-04-24T20:39:11.618241200
Cierre de sesión / Angeles / 2022-04-24T20:40:04.345422100
Inicio de sesión / Angeles / 2022-04-24T20:41:05.301721100
Cierre de sesión / Angeles / 2022-04-24T20:41:09.215484800
Inicio de sesión / Angeles / 2022-04-24T20:41:16.164887900
Inicio de sesión / Laura / 2022-04-24T20:42:42.345666900
Cierre de sesión / Laura / 2022-04-24T20:42:44.256401400
Inicio de sesión / Laura / 2022-04-24T20:42:53.231590400
Cierre de sesión / Laura / 2022-04-24T20:42:54.720012600
Inicio de sesión / Angeles / 2022-04-24T20:44:08.238917700
Cierre de sesión / Angeles / 2022-04-24T20:44:13.681553900
Inicio de sesión / Angeles / 2022-04-24T20:44:18.015699
Inicio de sesión / flavio / 2022-04-24T20:48:11.811502200
Cierre de sesión / flavio / 2022-04-24T20:48:22.451602300
Inicio de sesión / flavio / 2022-04-24T20:48:44.538276100
Cierre de sesión / flavio / 2022-04-24T20:48:47.941808
Inicio de sesión / Angeles / 2022-04-24T20:48:51.863871100
Cierre de sesión / Angeles / 2022-04-24T20:49:02.125940100
Inicio de sesión / Angeles / 2022-04-24T20:53:45.292257400
Cierre de sesión / Angeles / 2022-04-24T20:53:48.633721100
Inicio de sesión / Angeles / 2022-04-24T20:54:10.083361100
Cierre de sesión / Angeles / 2022-04-24T20:54:13.481810200
Inicio de sesión / Angeles / 2022-04-24T20:55:41.159867800
Cierre de sesión / Angeles / 2022-04-24T20:55:42.675598400
Inicio de sesión / flavio / 2022-04-24T20:56:04.851111400
Cierre de sesión / flavio / 2022-04-24T20:56:06.842587600
Inicio de sesión / Angeles / 2022-04-24T20:56:31.405955700
Cierre de sesión / Angeles / 2022-04-24T20:56:33.787709500
Inicio de sesión / Laura / 2022-04-24T21:00:12.854255900
